<!DOCTYPE html PUBLIC "-//W3C//DTD XHTML 1.1//EN" "http://www.w3.org/TR/xhtml11/DTD/xhtml11.dtd">
<html xmlns="http://www.w3.org/1999/xhtml"><head><title>TestNG Report</title><style type="text/css">table {margin-bottom:10px;border-collapse:collapse;empty-cells:show}th,td {border:1px solid #009;padding:.25em .5em}th {vertical-align:bottom}td {vertical-align:top}table a {font-weight:bold}.stripe td {background-color: #E6EBF9}.num {text-align:right}.passedodd td {background-color: #3F3}.passedeven td {background-color: #0A0}.skippedodd td {background-color: #DDD}.skippedeven td {background-color: #CCC}.failedodd td,.attn {background-color: #F33}.failedeven td,.stripe .attn {background-color: #D00}.stacktrace {white-space:pre;font-family:monospace}.totop {font-size:85%;text-align:center;border-bottom:2px solid #000}</style></head><body><table><tr><th>Test</th><th># Passed</th><th># Skipped</th><th># Failed</th><th>Time (ms)</th><th>Included Groups</th><th>Excluded Groups</th></tr><tr><th colspan="7">Odev</th></tr><tr><td><a href="#t0">Chrome Test</a></td><td class="num">4</td><td class="num">0</td><td class="num attn">3</td><td class="num">90,059</td><td></td><td></td></tr><tr class="stripe"><td><a href="#t1">Firefox Test</a></td><td class="num">5</td><td class="num">0</td><td class="num attn">2</td><td class="num">194,448</td><td></td><td></td></tr><tr><td><a href="#t2">IE Test</a></td><td class="num">5</td><td class="num">0</td><td class="num attn">2</td><td class="num">188,628</td><td></td><td></td></tr><tr><th>Total</th><th class="num">14</th><th class="num">0</th><th class="num attn">7</th><th class="num">473,135</th><th colspan="2"></th></tr></table><table><thead><tr><th>Class</th><th>Method</th><th>Start</th><th>Time (ms)</th></tr></thead><tbody><tr><th colspan="4">Odev</th></tr></tbody><tbody id="t0"><tr><th colspan="4">Chrome Test &#8212; failed</th></tr><tr class="failedeven"><td rowspan="1">UI.testCases.HomePageTest</td><td><a href="#m0">butikLinkAddCSV</a></td><td rowspan="1">1641899400616</td><td rowspan="1">11449</td></tr><tr class="failedodd"><td rowspan="2">UI.testCases.LoginPageTest</td><td><a href="#m1">loginSucces</a></td><td rowspan="1">1641899324165</td><td rowspan="1">26587</td></tr><tr class="failedodd"><td><a href="#m2">wrongEmail</a></td><td rowspan="1">1641899352085</td><td rowspan="1">9293</td></tr><tr><th colspan="4">Chrome Test &#8212; passed</th></tr><tr class="passedeven"><td rowspan="4">UI.testCases.LoginPageTest</td><td><a href="#m3">blankEmail</a></td><td rowspan="1">1641899372395</td><td rowspan="1">10368</td></tr><tr class="passedeven"><td><a href="#m4">blankEmailandPassword</a></td><td rowspan="1">1641899391277</td><td rowspan="1">9148</td></tr><tr class="passedeven"><td><a href="#m5">blankPassword</a></td><td rowspan="1">1641899383592</td><td rowspan="1">7435</td></tr><tr class="passedeven"><td><a href="#m6">wrongPassword</a></td><td rowspan="1">1641899361766</td><td rowspan="1">10388</td></tr></tbody><tbody id="t1"><tr><th colspan="4">Firefox Test &#8212; failed</th></tr><tr class="failedeven"><td rowspan="2">UI.testCases.LoginPageTest</td><td><a href="#m7">loginSucces</a></td><td rowspan="1">1641899413909</td><td rowspan="1">15483</td></tr><tr class="failedeven"><td><a href="#m8">wrongEmail</a></td><td rowspan="1">1641899429714</td><td rowspan="1">10835</td></tr><tr><th colspan="4">Firefox Test &#8212; passed</th></tr><tr class="passedeven"><td rowspan="1">UI.testCases.HomePageTest</td><td><a href="#m9">butikLinkAddCSV</a></td><td rowspan="1">1641899481491</td><td rowspan="1">126632</td></tr><tr class="passedodd"><td rowspan="4">UI.testCases.LoginPageTest</td><td><a href="#m10">blankEmail</a></td><td rowspan="1">1641899452879</td><td rowspan="1">7676</td></tr><tr class="passedodd"><td><a href="#m11">blankEmailandPassword</a></td><td rowspan="1">1641899471690</td><td rowspan="1">8855</td></tr><tr class="passedodd"><td><a href="#m12">blankPassword</a></td><td rowspan="1">1641899460724</td><td rowspan="1">10768</td></tr><tr class="passedodd"><td><a href="#m13">wrongPassword</a></td><td rowspan="1">1641899440965</td><td rowspan="1">10901</td></tr></tbody><tbody id="t2"><tr><th colspan="4">IE Test &#8212; failed</th></tr><tr class="failedeven"><td rowspan="2">UI.testCases.LoginPageTest</td><td><a href="#m14">loginSucces</a></td><td rowspan="1">1641899608487</td><td rowspan="1">15919</td></tr><tr class="failedeven"><td><a href="#m15">wrongEmail</a></td><td rowspan="1">1641899624731</td><td rowspan="1">11559</td></tr><tr><th colspan="4">IE Test &#8212; passed</th></tr><tr class="passedeven"><td rowspan="1">UI.testCases.HomePageTest</td><td><a href="#m16">butikLinkAddCSV</a></td><td rowspan="1">1641899673881</td><td rowspan="1">122972</td></tr><tr class="passedodd"><td rowspan="4">UI.testCases.LoginPageTest</td><td><a href="#m17">blankEmail</a></td><td rowspan="1">1641899644505</td><td rowspan="1">10099</td></tr><tr class="passedodd"><td><a href="#m18">blankEmailandPassword</a></td><td rowspan="1">1641899667560</td><td rowspan="1">6172</td></tr><tr class="passedodd"><td><a href="#m19">blankPassword</a></td><td rowspan="1">1641899654779</td><td rowspan="1">12012</td></tr><tr class="passedodd"><td><a href="#m20">wrongPassword</a></td><td rowspan="1">1641899637236</td><td rowspan="1">7124</td></tr></tbody></table><h2>Chrome Test</h2><h3 id="m0">UI.testCases.HomePageTest#butikLinkAddCSV</h3><table class="result"><tr><th>Exception</th></tr><tr><td><div class="stacktrace">org.openqa.selenium.ElementNotInteractableException: Element &lt;g id=&quot;Rating-Review&quot;&gt; could not be scrolled into view
Build info: version: &apos;3.8.1&apos;, revision: &apos;6e95a6684b&apos;, time: &apos;2017-12-01T18:33:54.468Z&apos;
System info: host: &apos;MAC-IT-13.local&apos;, ip: &apos;fe80:0:0:0:181c:e107:fe30:ce61%en0&apos;, os.name: &apos;Mac OS X&apos;, os.arch: &apos;x86_64&apos;, os.version: &apos;10.15.7&apos;, java.version: &apos;14.0.2&apos;
Driver info: org.openqa.selenium.remote.RemoteWebDriver
Capabilities {acceptInsecureCerts: false, browserName: firefox, browserVersion: 95.0.1, javascriptEnabled: true, moz:accessibilityChecks: false, moz:buildID: 20211215221728, moz:geckodriverVersion: 0.30.0, moz:headless: false, moz:processID: 749, moz:profile: /tmp/rust_mozprofileQoX9uX, moz:shutdownTimeout: 60000, moz:useNonSpecCompliantPointerOrigin: false, moz:webdriverClick: true, pageLoadStrategy: normal, platform: LINUX, platformName: LINUX, platformVersion: 5.10.76-linuxkit, proxy: Proxy(), se:vnc: ws://172.21.0.4:4444/sessio..., se:vncEnabled: true, se:vncLocalAddress: ws://172.21.0.4:7900, setWindowRect: true, strictFileInteractability: false, timeouts: {implicit: 0, pageLoad: 300000, script: 30000}, unhandledPromptBehavior: dismiss and notify}
Session ID: 66f856f6-b600-49a6-9b7e-5ae7d2594f44
	at org.openqa.selenium.remote.http.W3CHttpResponseCodec.createException(W3CHttpResponseCodec.java:187)
	at org.openqa.selenium.remote.http.W3CHttpResponseCodec.decode(W3CHttpResponseCodec.java:122)
	at org.openqa.selenium.remote.http.W3CHttpResponseCodec.decode(W3CHttpResponseCodec.java:49)
	at org.openqa.selenium.remote.HttpCommandExecutor.execute(HttpCommandExecutor.java:158)
	at org.openqa.selenium.remote.RemoteWebDriver.execute(RemoteWebDriver.java:545)
	at org.openqa.selenium.remote.RemoteWebElement.execute(RemoteWebElement.java:279)
	at org.openqa.selenium.remote.RemoteWebElement.click(RemoteWebElement.java:83)
	at UI.utils.Browser.clickTo(Browser.java:63)
	at UI.utils.Browser.clickToBy(Browser.java:54)
	at UI.testCases.HomePageTest.butikLinkAddCSV(HomePageTest.java:25)
... Removed 33 stack frames</div></td></tr></table><p class="totop"><a href="#summary">back to summary</a></p><h3 id="m1">UI.testCases.LoginPageTest#loginSucces</h3><table class="result"><tr><th>Exception</th></tr><tr><td><div class="stacktrace">org.openqa.selenium.TimeoutException: Expected condition failed: waiting for UI.helpers.BrowserUtils$1@7876d598 (tried for 10 second(s) with 1000 milliseconds interval)
	at org.openqa.selenium.support.ui.FluentWait.timeoutException(FluentWait.java:303)
	at org.openqa.selenium.support.ui.FluentWait.until(FluentWait.java:271)
	at UI.helpers.BrowserUtils.fluentWait(BrowserUtils.java:23)
	at UI.testCases.LoginPageTest.loginSucces(LoginPageTest.java:36)
Caused by: org.openqa.selenium.NoSuchElementException: Unable to locate element: //*[contains(text(),&apos;Hesabım&apos;)]
For documentation on this error, please visit: http://seleniumhq.org/exceptions/no_such_element.html
Build info: version: &apos;3.8.1&apos;, revision: &apos;6e95a6684b&apos;, time: &apos;2017-12-01T18:33:54.468Z&apos;
System info: host: &apos;MAC-IT-13.local&apos;, ip: &apos;fe80:0:0:0:181c:e107:fe30:ce61%en0&apos;, os.name: &apos;Mac OS X&apos;, os.arch: &apos;x86_64&apos;, os.version: &apos;10.15.7&apos;, java.version: &apos;14.0.2&apos;
Driver info: org.openqa.selenium.remote.RemoteWebDriver
Capabilities {acceptInsecureCerts: false, browserName: firefox, browserVersion: 95.0.1, javascriptEnabled: true, moz:accessibilityChecks: false, moz:buildID: 20211215221728, moz:geckodriverVersion: 0.30.0, moz:headless: false, moz:processID: 200, moz:profile: /tmp/rust_mozprofiletl1ZvS, moz:shutdownTimeout: 60000, moz:useNonSpecCompliantPointerOrigin: false, moz:webdriverClick: true, pageLoadStrategy: normal, platform: LINUX, platformName: LINUX, platformVersion: 5.10.76-linuxkit, proxy: Proxy(), se:vnc: ws://172.21.0.4:4444/sessio..., se:vncEnabled: true, se:vncLocalAddress: ws://172.21.0.4:7900, setWindowRect: true, strictFileInteractability: false, timeouts: {implicit: 0, pageLoad: 300000, script: 30000}, unhandledPromptBehavior: dismiss and notify}
Session ID: 097cfd12-43d8-490f-a4be-bea5d313385d
*** Element info: {Using=xpath, value=//*[contains(text(),&apos;Hesabım&apos;)]}
	at org.openqa.selenium.remote.http.W3CHttpResponseCodec.createException(W3CHttpResponseCodec.java:187)
	at org.openqa.selenium.remote.http.W3CHttpResponseCodec.decode(W3CHttpResponseCodec.java:122)
	at org.openqa.selenium.remote.http.W3CHttpResponseCodec.decode(W3CHttpResponseCodec.java:49)
	at org.openqa.selenium.remote.HttpCommandExecutor.execute(HttpCommandExecutor.java:158)
	at org.openqa.selenium.remote.RemoteWebDriver.execute(RemoteWebDriver.java:545)
	at org.openqa.selenium.remote.RemoteWebDriver.findElement(RemoteWebDriver.java:319)
	at org.openqa.selenium.remote.RemoteWebDriver.findElementByXPath(RemoteWebDriver.java:421)
	at org.openqa.selenium.By$ByXPath.findElement(By.java:361)
	at org.openqa.selenium.remote.RemoteWebDriver.findElement(RemoteWebDriver.java:311)
	at UI.helpers.BrowserUtils$1.apply(BrowserUtils.java:25)
	at UI.helpers.BrowserUtils$1.apply(BrowserUtils.java:23)
	at org.openqa.selenium.support.ui.FluentWait.until(FluentWait.java:248)
	... 30 more
... Removed 33 stack frames</div></td></tr></table><p class="totop"><a href="#summary">back to summary</a></p><h3 id="m2">UI.testCases.LoginPageTest#wrongEmail</h3><table class="result"><tr><th>Exception</th></tr><tr><td><div class="stacktrace">java.lang.AssertionError: Hata : Beklenen Veri Hatalı 
Expected: is &quot;HATALI CASE&quot;
     got: &quot;E-posta adresiniz ve/veya şifreniz hatalı.&quot;

	at org.hamcrest.MatcherAssert.assertThat(MatcherAssert.java:21)
	at UI.helpers.BrowserUtils.assertControl(BrowserUtils.java:74)
	at UI.testCases.LoginPageTest.wrongEmail(LoginPageTest.java:44)
... Removed 28 stack frames</div></td></tr></table><p class="totop"><a href="#summary">back to summary</a></p><h3 id="m3">UI.testCases.LoginPageTest#blankEmail</h3><table class="result"></table><p class="totop"><a href="#summary">back to summary</a></p><h3 id="m4">UI.testCases.LoginPageTest#blankEmailandPassword</h3><table class="result"></table><p class="totop"><a href="#summary">back to summary</a></p><h3 id="m5">UI.testCases.LoginPageTest#blankPassword</h3><table class="result"></table><p class="totop"><a href="#summary">back to summary</a></p><h3 id="m6">UI.testCases.LoginPageTest#wrongPassword</h3><table class="result"></table><p class="totop"><a href="#summary">back to summary</a></p><h2>Firefox Test</h2><h3 id="m7">UI.testCases.LoginPageTest#loginSucces</h3><table class="result"><tr><th>Exception</th></tr><tr><td><div class="stacktrace">org.openqa.selenium.TimeoutException: Expected condition failed: waiting for UI.helpers.BrowserUtils$1@14faa38c (tried for 10 second(s) with 1000 milliseconds interval)
	at org.openqa.selenium.support.ui.FluentWait.timeoutException(FluentWait.java:303)
	at org.openqa.selenium.support.ui.FluentWait.until(FluentWait.java:271)
	at UI.helpers.BrowserUtils.fluentWait(BrowserUtils.java:23)
	at UI.testCases.LoginPageTest.loginSucces(LoginPageTest.java:36)
Caused by: org.openqa.selenium.NoSuchElementException: no such element: Unable to locate element: {&quot;method&quot;:&quot;xpath&quot;,&quot;selector&quot;:&quot;//*[contains(text(),&apos;Hesabım&apos;)]&quot;}
  (Session info: chrome=96.0.4664.110)
For documentation on this error, please visit: http://seleniumhq.org/exceptions/no_such_element.html
Build info: version: &apos;3.8.1&apos;, revision: &apos;6e95a6684b&apos;, time: &apos;2017-12-01T18:33:54.468Z&apos;
System info: host: &apos;MAC-IT-13.local&apos;, ip: &apos;fe80:0:0:0:181c:e107:fe30:ce61%en0&apos;, os.name: &apos;Mac OS X&apos;, os.arch: &apos;x86_64&apos;, os.version: &apos;10.15.7&apos;, java.version: &apos;14.0.2&apos;
Driver info: org.openqa.selenium.remote.RemoteWebDriver
Capabilities {acceptInsecureCerts: false, browserName: chrome, browserVersion: 96.0.4664.110, chrome: {chromedriverVersion: 96.0.4664.45 (76e4c1bb2ab46..., userDataDir: /tmp/.com.google.Chrome.6diLpw}, goog:chromeOptions: {debuggerAddress: localhost:33291}, javascriptEnabled: true, networkConnectionEnabled: false, pageLoadStrategy: normal, platform: LINUX, platformName: LINUX, proxy: Proxy(), se:cdp: ws://172.21.0.5:4444/sessio..., se:cdpVersion: 96.0.4664.110, se:vnc: ws://172.21.0.5:4444/sessio..., se:vncEnabled: true, se:vncLocalAddress: ws://172.21.0.5:7900, setWindowRect: true, strictFileInteractability: false, timeouts: {implicit: 0, pageLoad: 300000, script: 30000}, unhandledPromptBehavior: dismiss and notify, webauthn:extension:credBlob: true, webauthn:extension:largeBlob: true, webauthn:virtualAuthenticators: true}
Session ID: 22051805c31f5687a33f903ff452df21
*** Element info: {Using=xpath, value=//*[contains(text(),&apos;Hesabım&apos;)]}
	at org.openqa.selenium.remote.http.W3CHttpResponseCodec.createException(W3CHttpResponseCodec.java:187)
	at org.openqa.selenium.remote.http.W3CHttpResponseCodec.decode(W3CHttpResponseCodec.java:122)
	at org.openqa.selenium.remote.http.W3CHttpResponseCodec.decode(W3CHttpResponseCodec.java:49)
	at org.openqa.selenium.remote.HttpCommandExecutor.execute(HttpCommandExecutor.java:158)
	at org.openqa.selenium.remote.RemoteWebDriver.execute(RemoteWebDriver.java:545)
	at org.openqa.selenium.remote.RemoteWebDriver.findElement(RemoteWebDriver.java:319)
	at org.openqa.selenium.remote.RemoteWebDriver.findElementByXPath(RemoteWebDriver.java:421)
	at org.openqa.selenium.By$ByXPath.findElement(By.java:361)
	at org.openqa.selenium.remote.RemoteWebDriver.findElement(RemoteWebDriver.java:311)
	at UI.helpers.BrowserUtils$1.apply(BrowserUtils.java:25)
	at UI.helpers.BrowserUtils$1.apply(BrowserUtils.java:23)
	at org.openqa.selenium.support.ui.FluentWait.until(FluentWait.java:248)
	... 30 more
... Removed 33 stack frames</div></td></tr></table><p class="totop"><a href="#summary">back to summary</a></p><h3 id="m8">UI.testCases.LoginPageTest#wrongEmail</h3><table class="result"><tr><th>Exception</th></tr><tr><td><div class="stacktrace">java.lang.AssertionError: Hata : Beklenen Veri Hatalı 
Expected: is &quot;HATALI CASE&quot;
     got: &quot;E-posta adresiniz ve/veya şifreniz hatalı.&quot;

	at org.hamcrest.MatcherAssert.assertThat(MatcherAssert.java:21)
	at UI.helpers.BrowserUtils.assertControl(BrowserUtils.java:74)
	at UI.testCases.LoginPageTest.wrongEmail(LoginPageTest.java:44)
... Removed 28 stack frames</div></td></tr></table><p class="totop"><a href="#summary">back to summary</a></p><h3 id="m9">UI.testCases.HomePageTest#butikLinkAddCSV</h3><table class="result"></table><p class="totop"><a href="#summary">back to summary</a></p><h3 id="m10">UI.testCases.LoginPageTest#blankEmail</h3><table class="result"></table><p class="totop"><a href="#summary">back to summary</a></p><h3 id="m11">UI.testCases.LoginPageTest#blankEmailandPassword</h3><table class="result"></table><p class="totop"><a href="#summary">back to summary</a></p><h3 id="m12">UI.testCases.LoginPageTest#blankPassword</h3><table class="result"></table><p class="totop"><a href="#summary">back to summary</a></p><h3 id="m13">UI.testCases.LoginPageTest#wrongPassword</h3><table class="result"></table><p class="totop"><a href="#summary">back to summary</a></p><h2>IE Test</h2><h3 id="m14">UI.testCases.LoginPageTest#loginSucces</h3><table class="result"><tr><th>Exception</th></tr><tr><td><div class="stacktrace">org.openqa.selenium.TimeoutException: Expected condition failed: waiting for UI.helpers.BrowserUtils$1@3793896e (tried for 10 second(s) with 1000 milliseconds interval)
	at org.openqa.selenium.support.ui.FluentWait.timeoutException(FluentWait.java:303)
	at org.openqa.selenium.support.ui.FluentWait.until(FluentWait.java:271)
	at UI.helpers.BrowserUtils.fluentWait(BrowserUtils.java:23)
	at UI.testCases.LoginPageTest.loginSucces(LoginPageTest.java:36)
Caused by: org.openqa.selenium.NoSuchElementException: no such element: Unable to locate element: {&quot;method&quot;:&quot;xpath&quot;,&quot;selector&quot;:&quot;//*[contains(text(),&apos;Hesabım&apos;)]&quot;}
  (Session info: MicrosoftEdge=96.0.1054.62)
For documentation on this error, please visit: http://seleniumhq.org/exceptions/no_such_element.html
Build info: version: &apos;3.8.1&apos;, revision: &apos;6e95a6684b&apos;, time: &apos;2017-12-01T18:33:54.468Z&apos;
System info: host: &apos;MAC-IT-13.local&apos;, ip: &apos;fe80:0:0:0:181c:e107:fe30:ce61%en0&apos;, os.name: &apos;Mac OS X&apos;, os.arch: &apos;x86_64&apos;, os.version: &apos;10.15.7&apos;, java.version: &apos;14.0.2&apos;
Driver info: org.openqa.selenium.remote.RemoteWebDriver
Capabilities {acceptInsecureCerts: false, browserName: msedge, browserVersion: 96.0.1054.62, javascriptEnabled: true, ms:edgeOptions: {debuggerAddress: localhost:33605}, msedge: {msedgedriverVersion: 96.0.1054.62 (f97cb2ce0103f..., userDataDir: /tmp/.com.microsoft.Edge.F7...}, networkConnectionEnabled: false, pageLoadStrategy: normal, platform: LINUX, platformName: LINUX, proxy: Proxy(), se:cdp: ws://172.21.0.3:4444/sessio..., se:cdpVersion: 96.0.1054.62, se:vnc: ws://172.21.0.3:4444/sessio..., se:vncEnabled: true, se:vncLocalAddress: ws://172.21.0.3:7900, setWindowRect: true, strictFileInteractability: false, timeouts: {implicit: 0, pageLoad: 300000, script: 30000}, unhandledPromptBehavior: dismiss and notify, webauthn:extension:credBlob: true, webauthn:extension:largeBlob: true, webauthn:virtualAuthenticators: true}
Session ID: df9d00f4b6590ef5a36214cc5111baca
*** Element info: {Using=xpath, value=//*[contains(text(),&apos;Hesabım&apos;)]}
	at org.openqa.selenium.remote.http.W3CHttpResponseCodec.createException(W3CHttpResponseCodec.java:187)
	at org.openqa.selenium.remote.http.W3CHttpResponseCodec.decode(W3CHttpResponseCodec.java:122)
	at org.openqa.selenium.remote.http.W3CHttpResponseCodec.decode(W3CHttpResponseCodec.java:49)
	at org.openqa.selenium.remote.HttpCommandExecutor.execute(HttpCommandExecutor.java:158)
	at org.openqa.selenium.remote.RemoteWebDriver.execute(RemoteWebDriver.java:545)
	at org.openqa.selenium.remote.RemoteWebDriver.findElement(RemoteWebDriver.java:319)
	at org.openqa.selenium.remote.RemoteWebDriver.findElementByXPath(RemoteWebDriver.java:421)
	at org.openqa.selenium.By$ByXPath.findElement(By.java:361)
	at org.openqa.selenium.remote.RemoteWebDriver.findElement(RemoteWebDriver.java:311)
	at UI.helpers.BrowserUtils$1.apply(BrowserUtils.java:25)
	at UI.helpers.BrowserUtils$1.apply(BrowserUtils.java:23)
	at org.openqa.selenium.support.ui.FluentWait.until(FluentWait.java:248)
	... 30 more
... Removed 33 stack frames</div></td></tr></table><p class="totop"><a href="#summary">back to summary</a></p><h3 id="m15">UI.testCases.LoginPageTest#wrongEmail</h3><table class="result"><tr><th>Exception</th></tr><tr><td><div class="stacktrace">java.lang.AssertionError: Hata : Beklenen Veri Hatalı 
Expected: is &quot;HATALI CASE&quot;
     got: &quot;E-posta adresiniz ve/veya şifreniz hatalı.&quot;

	at org.hamcrest.MatcherAssert.assertThat(MatcherAssert.java:21)
	at UI.helpers.BrowserUtils.assertControl(BrowserUtils.java:74)
	at UI.testCases.LoginPageTest.wrongEmail(LoginPageTest.java:44)
... Removed 28 stack frames</div></td></tr></table><p class="totop"><a href="#summary">back to summary</a></p><h3 id="m16">UI.testCases.HomePageTest#butikLinkAddCSV</h3><table class="result"></table><p class="totop"><a href="#summary">back to summary</a></p><h3 id="m17">UI.testCases.LoginPageTest#blankEmail</h3><table class="result"></table><p class="totop"><a href="#summary">back to summary</a></p><h3 id="m18">UI.testCases.LoginPageTest#blankEmailandPassword</h3><table class="result"></table><p class="totop"><a href="#summary">back to summary</a></p><h3 id="m19">UI.testCases.LoginPageTest#blankPassword</h3><table class="result"></table><p class="totop"><a href="#summary">back to summary</a></p><h3 id="m20">UI.testCases.LoginPageTest#wrongPassword</h3><table class="result"></table><p class="totop"><a href="#summary">back to summary</a></p></body></html>