<!DOCTYPE html>

<html>
  <head>
  <meta charset='utf-8'>
  <title>TestNG reports</title>

    <link type="text/css" href="testng-reports.css" rel="stylesheet" />  
    <script type="text/javascript" src="jquery-1.7.1.min.js"></script>
    <script type="text/javascript" src="testng-reports.js"></script>
    <script type="text/javascript" src="https://www.google.com/jsapi"></script>
    <script type='text/javascript'>
      google.load('visualization', '1', {packages:['table']});
      google.setOnLoadCallback(drawTable);
      var suiteTableInitFunctions = new Array();
      var suiteTableData = new Array();
    </script>
    <!--
      <script type="text/javascript" src="jquery-ui/js/jquery-ui-1.8.16.custom.min.js"></script>
     -->
  </head>

  <body>
    <div class="top-banner-root">
      <span class="top-banner-title-font">Test results</span>
      <br/>
      <span class="top-banner-font-1">1 suite, 7 failed tests</span>
    </div> <!-- top-banner-root -->
    <div class="navigator-root">
      <div class="navigator-suite-header">
        <span>All suites</span>
        <a href="#" title="Collapse/expand all the suites" class="collapse-all-link">
          <img src="collapseall.gif" class="collapse-all-icon">
          </img> <!-- collapse-all-icon -->
        </a> <!-- collapse-all-link -->
      </div> <!-- navigator-suite-header -->
      <div class="suite">
        <div class="rounded-window">
          <div class="suite-header light-rounded-window-top">
            <a href="#" panel-name="suite-Odev" class="navigator-link">
              <span class="suite-name border-failed">Odev</span>
            </a> <!-- navigator-link -->
          </div> <!-- suite-header light-rounded-window-top -->
          <div class="navigator-suite-content">
            <div class="suite-section-title">
              <span>Info</span>
            </div> <!-- suite-section-title -->
            <div class="suite-section-content">
              <ul>
                <li>
                  <a href="#" panel-name="test-xml-Odev" class="navigator-link ">
                    <span>TestNG.xml</span>
                  </a> <!-- navigator-link  -->
                </li>
                <li>
                  <a href="#" panel-name="testlist-Odev" class="navigator-link ">
                    <span class="test-stats">3 tests</span>
                  </a> <!-- navigator-link  -->
                </li>
                <li>
                  <a href="#" panel-name="group-Odev" class="navigator-link ">
                    <span>1 group</span>
                  </a> <!-- navigator-link  -->
                </li>
                <li>
                  <a href="#" panel-name="times-Odev" class="navigator-link ">
                    <span>Times</span>
                  </a> <!-- navigator-link  -->
                </li>
                <li>
                  <a href="#" panel-name="reporter-Odev" class="navigator-link ">
                    <span>Reporter output</span>
                  </a> <!-- navigator-link  -->
                </li>
                <li>
                  <a href="#" panel-name="ignored-methods-Odev" class="navigator-link ">
                    <span>Ignored methods</span>
                  </a> <!-- navigator-link  -->
                </li>
                <li>
                  <a href="#" panel-name="chronological-Odev" class="navigator-link ">
                    <span>Chronological view</span>
                  </a> <!-- navigator-link  -->
                </li>
              </ul>
            </div> <!-- suite-section-content -->
            <div class="result-section">
              <div class="suite-section-title">
                <span>Results</span>
              </div> <!-- suite-section-title -->
              <div class="suite-section-content">
                <ul>
                  <li>
                    <span class="method-stats">21 methods, 7 failed,   14 passed</span>
                  </li>
                  <li>
                    <span class="method-list-title failed">Failed methods</span>
                    <span class="show-or-hide-methods failed">
                      <a href="#" panel-name="suite-Odev" class="hide-methods failed suite-Odev"> (hide)</a> <!-- hide-methods failed suite-Odev -->
                      <a href="#" panel-name="suite-Odev" class="show-methods failed suite-Odev"> (show)</a> <!-- show-methods failed suite-Odev -->
                    </span>
                    <div class="method-list-content failed suite-Odev">
                      <span>
                        <img src="failed.png" width="3%"/>
                        <a href="#" panel-name="suite-Odev" title="UI.testCases.HomePageTest" class="method navigator-link" hash-for-method="butikLinkAddCSV">butikLinkAddCSV</a> <!-- method navigator-link -->
                      </span>
                      <br/>
                      <span>
                        <img src="failed.png" width="3%"/>
                        <a href="#" panel-name="suite-Odev" title="UI.testCases.LoginPageTest" class="method navigator-link" hash-for-method="loginSucces">loginSucces</a> <!-- method navigator-link -->
                      </span>
                      <br/>
                      <span>
                        <img src="failed.png" width="3%"/>
                        <a href="#" panel-name="suite-Odev" title="UI.testCases.LoginPageTest" class="method navigator-link" hash-for-method="loginSucces">loginSucces</a> <!-- method navigator-link -->
                      </span>
                      <br/>
                      <span>
                        <img src="failed.png" width="3%"/>
                        <a href="#" panel-name="suite-Odev" title="UI.testCases.LoginPageTest" class="method navigator-link" hash-for-method="loginSucces">loginSucces</a> <!-- method navigator-link -->
                      </span>
                      <br/>
                      <span>
                        <img src="failed.png" width="3%"/>
                        <a href="#" panel-name="suite-Odev" title="UI.testCases.LoginPageTest" class="method navigator-link" hash-for-method="wrongEmail">wrongEmail</a> <!-- method navigator-link -->
                      </span>
                      <br/>
                      <span>
                        <img src="failed.png" width="3%"/>
                        <a href="#" panel-name="suite-Odev" title="UI.testCases.LoginPageTest" class="method navigator-link" hash-for-method="wrongEmail">wrongEmail</a> <!-- method navigator-link -->
                      </span>
                      <br/>
                      <span>
                        <img src="failed.png" width="3%"/>
                        <a href="#" panel-name="suite-Odev" title="UI.testCases.LoginPageTest" class="method navigator-link" hash-for-method="wrongEmail">wrongEmail</a> <!-- method navigator-link -->
                      </span>
                      <br/>
                    </div> <!-- method-list-content failed suite-Odev -->
                  </li>
                  <li>
                    <span class="method-list-title passed">Passed methods</span>
                    <span class="show-or-hide-methods passed">
                      <a href="#" panel-name="suite-Odev" class="hide-methods passed suite-Odev"> (hide)</a> <!-- hide-methods passed suite-Odev -->
                      <a href="#" panel-name="suite-Odev" class="show-methods passed suite-Odev"> (show)</a> <!-- show-methods passed suite-Odev -->
                    </span>
                    <div class="method-list-content passed suite-Odev">
                      <span>
                        <img src="passed.png" width="3%"/>
                        <a href="#" panel-name="suite-Odev" title="UI.testCases.LoginPageTest" class="method navigator-link" hash-for-method="blankEmail">blankEmail</a> <!-- method navigator-link -->
                      </span>
                      <br/>
                      <span>
                        <img src="passed.png" width="3%"/>
                        <a href="#" panel-name="suite-Odev" title="UI.testCases.LoginPageTest" class="method navigator-link" hash-for-method="blankEmail">blankEmail</a> <!-- method navigator-link -->
                      </span>
                      <br/>
                      <span>
                        <img src="passed.png" width="3%"/>
                        <a href="#" panel-name="suite-Odev" title="UI.testCases.LoginPageTest" class="method navigator-link" hash-for-method="blankEmail">blankEmail</a> <!-- method navigator-link -->
                      </span>
                      <br/>
                      <span>
                        <img src="passed.png" width="3%"/>
                        <a href="#" panel-name="suite-Odev" title="UI.testCases.LoginPageTest" class="method navigator-link" hash-for-method="blankEmailandPassword">blankEmailandPassword</a> <!-- method navigator-link -->
                      </span>
                      <br/>
                      <span>
                        <img src="passed.png" width="3%"/>
                        <a href="#" panel-name="suite-Odev" title="UI.testCases.LoginPageTest" class="method navigator-link" hash-for-method="blankEmailandPassword">blankEmailandPassword</a> <!-- method navigator-link -->
                      </span>
                      <br/>
                      <span>
                        <img src="passed.png" width="3%"/>
                        <a href="#" panel-name="suite-Odev" title="UI.testCases.LoginPageTest" class="method navigator-link" hash-for-method="blankEmailandPassword">blankEmailandPassword</a> <!-- method navigator-link -->
                      </span>
                      <br/>
                      <span>
                        <img src="passed.png" width="3%"/>
                        <a href="#" panel-name="suite-Odev" title="UI.testCases.LoginPageTest" class="method navigator-link" hash-for-method="blankPassword">blankPassword</a> <!-- method navigator-link -->
                      </span>
                      <br/>
                      <span>
                        <img src="passed.png" width="3%"/>
                        <a href="#" panel-name="suite-Odev" title="UI.testCases.LoginPageTest" class="method navigator-link" hash-for-method="blankPassword">blankPassword</a> <!-- method navigator-link -->
                      </span>
                      <br/>
                      <span>
                        <img src="passed.png" width="3%"/>
                        <a href="#" panel-name="suite-Odev" title="UI.testCases.LoginPageTest" class="method navigator-link" hash-for-method="blankPassword">blankPassword</a> <!-- method navigator-link -->
                      </span>
                      <br/>
                      <span>
                        <img src="passed.png" width="3%"/>
                        <a href="#" panel-name="suite-Odev" title="UI.testCases.HomePageTest" class="method navigator-link" hash-for-method="butikLinkAddCSV">butikLinkAddCSV</a> <!-- method navigator-link -->
                      </span>
                      <br/>
                      <span>
                        <img src="passed.png" width="3%"/>
                        <a href="#" panel-name="suite-Odev" title="UI.testCases.HomePageTest" class="method navigator-link" hash-for-method="butikLinkAddCSV">butikLinkAddCSV</a> <!-- method navigator-link -->
                      </span>
                      <br/>
                      <span>
                        <img src="passed.png" width="3%"/>
                        <a href="#" panel-name="suite-Odev" title="UI.testCases.LoginPageTest" class="method navigator-link" hash-for-method="wrongPassword">wrongPassword</a> <!-- method navigator-link -->
                      </span>
                      <br/>
                      <span>
                        <img src="passed.png" width="3%"/>
                        <a href="#" panel-name="suite-Odev" title="UI.testCases.LoginPageTest" class="method navigator-link" hash-for-method="wrongPassword">wrongPassword</a> <!-- method navigator-link -->
                      </span>
                      <br/>
                      <span>
                        <img src="passed.png" width="3%"/>
                        <a href="#" panel-name="suite-Odev" title="UI.testCases.LoginPageTest" class="method navigator-link" hash-for-method="wrongPassword">wrongPassword</a> <!-- method navigator-link -->
                      </span>
                      <br/>
                    </div> <!-- method-list-content passed suite-Odev -->
                  </li>
                </ul>
              </div> <!-- suite-section-content -->
            </div> <!-- result-section -->
          </div> <!-- navigator-suite-content -->
        </div> <!-- rounded-window -->
      </div> <!-- suite -->
    </div> <!-- navigator-root -->
    <div class="wrapper">
      <div class="main-panel-root">
        <div panel-name="suite-Odev" class="panel Odev">
          <div class="suite-Odev-class-failed">
            <div class="main-panel-header rounded-window-top">
              <img src="failed.png"/>
              <span class="class-name">UI.testCases.HomePageTest</span>
            </div> <!-- main-panel-header rounded-window-top -->
            <div class="main-panel-content rounded-window-bottom">
              <div class="method">
                <div class="method-content">
                  <a name="butikLinkAddCSV">
                  </a> <!-- butikLinkAddCSV -->
                  <span class="method-name">butikLinkAddCSV</span>
                  <div class="stack-trace">org.openqa.selenium.ElementNotInteractableException: Element &lt;g id=&quot;Rating-Review&quot;&gt; could not be scrolled into view
Build info: version: &apos;3.8.1&apos;, revision: &apos;6e95a6684b&apos;, time: &apos;2017-12-01T18:33:54.468Z&apos;
System info: host: &apos;MAC-IT-13.local&apos;, ip: &apos;fe80:0:0:0:181c:e107:fe30:ce61%en0&apos;, os.name: &apos;Mac OS X&apos;, os.arch: &apos;x86_64&apos;, os.version: &apos;10.15.7&apos;, java.version: &apos;14.0.2&apos;
Driver info: org.openqa.selenium.remote.RemoteWebDriver
Capabilities {acceptInsecureCerts: false, browserName: firefox, browserVersion: 95.0.1, javascriptEnabled: true, moz:accessibilityChecks: false, moz:buildID: 20211215221728, moz:geckodriverVersion: 0.30.0, moz:headless: false, moz:processID: 749, moz:profile: /tmp/rust_mozprofileQoX9uX, moz:shutdownTimeout: 60000, moz:useNonSpecCompliantPointerOrigin: false, moz:webdriverClick: true, pageLoadStrategy: normal, platform: LINUX, platformName: LINUX, platformVersion: 5.10.76-linuxkit, proxy: Proxy(), se:vnc: ws://172.21.0.4:4444/sessio..., se:vncEnabled: true, se:vncLocalAddress: ws://172.21.0.4:7900, setWindowRect: true, strictFileInteractability: false, timeouts: {implicit: 0, pageLoad: 300000, script: 30000}, unhandledPromptBehavior: dismiss and notify}
Session ID: 66f856f6-b600-49a6-9b7e-5ae7d2594f44
	at org.openqa.selenium.remote.http.W3CHttpResponseCodec.createException(W3CHttpResponseCodec.java:187)
	at org.openqa.selenium.remote.http.W3CHttpResponseCodec.decode(W3CHttpResponseCodec.java:122)
	at org.openqa.selenium.remote.http.W3CHttpResponseCodec.decode(W3CHttpResponseCodec.java:49)
	at org.openqa.selenium.remote.HttpCommandExecutor.execute(HttpCommandExecutor.java:158)
	at org.openqa.selenium.remote.RemoteWebDriver.execute(RemoteWebDriver.java:545)
	at org.openqa.selenium.remote.RemoteWebElement.execute(RemoteWebElement.java:279)
	at org.openqa.selenium.remote.RemoteWebElement.click(RemoteWebElement.java:83)
	at UI.utils.Browser.clickTo(Browser.java:63)
	at UI.utils.Browser.clickToBy(Browser.java:54)
	at UI.testCases.HomePageTest.butikLinkAddCSV(HomePageTest.java:25)
... Removed 33 stack frames
</div> <!-- stack-trace -->
                  <em>
(Butik Link Search)                  </em>
                </div> <!-- method-content -->
              </div> <!-- method -->
            </div> <!-- main-panel-content rounded-window-bottom -->
          </div> <!-- suite-Odev-class-failed -->
          <div class="suite-Odev-class-failed">
            <div class="main-panel-header rounded-window-top">
              <img src="failed.png"/>
              <span class="class-name">UI.testCases.LoginPageTest</span>
            </div> <!-- main-panel-header rounded-window-top -->
            <div class="main-panel-content rounded-window-bottom">
              <div class="method">
                <div class="method-content">
                  <a name="loginSucces">
                  </a> <!-- loginSucces -->
                  <span class="method-name">loginSucces</span>
                  <div class="stack-trace">org.openqa.selenium.TimeoutException: Expected condition failed: waiting for UI.helpers.BrowserUtils$1@7876d598 (tried for 10 second(s) with 1000 milliseconds interval)
	at org.openqa.selenium.support.ui.FluentWait.timeoutException(FluentWait.java:303)
	at org.openqa.selenium.support.ui.FluentWait.until(FluentWait.java:271)
	at UI.helpers.BrowserUtils.fluentWait(BrowserUtils.java:23)
	at UI.testCases.LoginPageTest.loginSucces(LoginPageTest.java:36)
Caused by: org.openqa.selenium.NoSuchElementException: Unable to locate element: //*[contains(text(),&apos;Hesabım&apos;)]
For documentation on this error, please visit: http://seleniumhq.org/exceptions/no_such_element.html
Build info: version: &apos;3.8.1&apos;, revision: &apos;6e95a6684b&apos;, time: &apos;2017-12-01T18:33:54.468Z&apos;
System info: host: &apos;MAC-IT-13.local&apos;, ip: &apos;fe80:0:0:0:181c:e107:fe30:ce61%en0&apos;, os.name: &apos;Mac OS X&apos;, os.arch: &apos;x86_64&apos;, os.version: &apos;10.15.7&apos;, java.version: &apos;14.0.2&apos;
Driver info: org.openqa.selenium.remote.RemoteWebDriver
Capabilities {acceptInsecureCerts: false, browserName: firefox, browserVersion: 95.0.1, javascriptEnabled: true, moz:accessibilityChecks: false, moz:buildID: 20211215221728, moz:geckodriverVersion: 0.30.0, moz:headless: false, moz:processID: 200, moz:profile: /tmp/rust_mozprofiletl1ZvS, moz:shutdownTimeout: 60000, moz:useNonSpecCompliantPointerOrigin: false, moz:webdriverClick: true, pageLoadStrategy: normal, platform: LINUX, platformName: LINUX, platformVersion: 5.10.76-linuxkit, proxy: Proxy(), se:vnc: ws://172.21.0.4:4444/sessio..., se:vncEnabled: true, se:vncLocalAddress: ws://172.21.0.4:7900, setWindowRect: true, strictFileInteractability: false, timeouts: {implicit: 0, pageLoad: 300000, script: 30000}, unhandledPromptBehavior: dismiss and notify}
Session ID: 097cfd12-43d8-490f-a4be-bea5d313385d
*** Element info: {Using=xpath, value=//*[contains(text(),&apos;Hesabım&apos;)]}
	at org.openqa.selenium.remote.http.W3CHttpResponseCodec.createException(W3CHttpResponseCodec.java:187)
	at org.openqa.selenium.remote.http.W3CHttpResponseCodec.decode(W3CHttpResponseCodec.java:122)
	at org.openqa.selenium.remote.http.W3CHttpResponseCodec.decode(W3CHttpResponseCodec.java:49)
	at org.openqa.selenium.remote.HttpCommandExecutor.execute(HttpCommandExecutor.java:158)
	at org.openqa.selenium.remote.RemoteWebDriver.execute(RemoteWebDriver.java:545)
	at org.openqa.selenium.remote.RemoteWebDriver.findElement(RemoteWebDriver.java:319)
	at org.openqa.selenium.remote.RemoteWebDriver.findElementByXPath(RemoteWebDriver.java:421)
	at org.openqa.selenium.By$ByXPath.findElement(By.java:361)
	at org.openqa.selenium.remote.RemoteWebDriver.findElement(RemoteWebDriver.java:311)
	at UI.helpers.BrowserUtils$1.apply(BrowserUtils.java:25)
	at UI.helpers.BrowserUtils$1.apply(BrowserUtils.java:23)
	at org.openqa.selenium.support.ui.FluentWait.until(FluentWait.java:248)
	... 30 more
... Removed 33 stack frames
</div> <!-- stack-trace -->
                  <em>
(Başarılı Kullanıcı Girişi)                  </em>
                </div> <!-- method-content -->
              </div> <!-- method -->
              <div class="method">
                <div class="method-content">
                  <a name="loginSucces">
                  </a> <!-- loginSucces -->
                  <span class="method-name">loginSucces</span>
                  <div class="stack-trace">org.openqa.selenium.TimeoutException: Expected condition failed: waiting for UI.helpers.BrowserUtils$1@14faa38c (tried for 10 second(s) with 1000 milliseconds interval)
	at org.openqa.selenium.support.ui.FluentWait.timeoutException(FluentWait.java:303)
	at org.openqa.selenium.support.ui.FluentWait.until(FluentWait.java:271)
	at UI.helpers.BrowserUtils.fluentWait(BrowserUtils.java:23)
	at UI.testCases.LoginPageTest.loginSucces(LoginPageTest.java:36)
Caused by: org.openqa.selenium.NoSuchElementException: no such element: Unable to locate element: {&quot;method&quot;:&quot;xpath&quot;,&quot;selector&quot;:&quot;//*[contains(text(),&apos;Hesabım&apos;)]&quot;}
  (Session info: chrome=96.0.4664.110)
For documentation on this error, please visit: http://seleniumhq.org/exceptions/no_such_element.html
Build info: version: &apos;3.8.1&apos;, revision: &apos;6e95a6684b&apos;, time: &apos;2017-12-01T18:33:54.468Z&apos;
System info: host: &apos;MAC-IT-13.local&apos;, ip: &apos;fe80:0:0:0:181c:e107:fe30:ce61%en0&apos;, os.name: &apos;Mac OS X&apos;, os.arch: &apos;x86_64&apos;, os.version: &apos;10.15.7&apos;, java.version: &apos;14.0.2&apos;
Driver info: org.openqa.selenium.remote.RemoteWebDriver
Capabilities {acceptInsecureCerts: false, browserName: chrome, browserVersion: 96.0.4664.110, chrome: {chromedriverVersion: 96.0.4664.45 (76e4c1bb2ab46..., userDataDir: /tmp/.com.google.Chrome.6diLpw}, goog:chromeOptions: {debuggerAddress: localhost:33291}, javascriptEnabled: true, networkConnectionEnabled: false, pageLoadStrategy: normal, platform: LINUX, platformName: LINUX, proxy: Proxy(), se:cdp: ws://172.21.0.5:4444/sessio..., se:cdpVersion: 96.0.4664.110, se:vnc: ws://172.21.0.5:4444/sessio..., se:vncEnabled: true, se:vncLocalAddress: ws://172.21.0.5:7900, setWindowRect: true, strictFileInteractability: false, timeouts: {implicit: 0, pageLoad: 300000, script: 30000}, unhandledPromptBehavior: dismiss and notify, webauthn:extension:credBlob: true, webauthn:extension:largeBlob: true, webauthn:virtualAuthenticators: true}
Session ID: 22051805c31f5687a33f903ff452df21
*** Element info: {Using=xpath, value=//*[contains(text(),&apos;Hesabım&apos;)]}
	at org.openqa.selenium.remote.http.W3CHttpResponseCodec.createException(W3CHttpResponseCodec.java:187)
	at org.openqa.selenium.remote.http.W3CHttpResponseCodec.decode(W3CHttpResponseCodec.java:122)
	at org.openqa.selenium.remote.http.W3CHttpResponseCodec.decode(W3CHttpResponseCodec.java:49)
	at org.openqa.selenium.remote.HttpCommandExecutor.execute(HttpCommandExecutor.java:158)
	at org.openqa.selenium.remote.RemoteWebDriver.execute(RemoteWebDriver.java:545)
	at org.openqa.selenium.remote.RemoteWebDriver.findElement(RemoteWebDriver.java:319)
	at org.openqa.selenium.remote.RemoteWebDriver.findElementByXPath(RemoteWebDriver.java:421)
	at org.openqa.selenium.By$ByXPath.findElement(By.java:361)
	at org.openqa.selenium.remote.RemoteWebDriver.findElement(RemoteWebDriver.java:311)
	at UI.helpers.BrowserUtils$1.apply(BrowserUtils.java:25)
	at UI.helpers.BrowserUtils$1.apply(BrowserUtils.java:23)
	at org.openqa.selenium.support.ui.FluentWait.until(FluentWait.java:248)
	... 30 more
... Removed 33 stack frames
</div> <!-- stack-trace -->
                  <em>
(Başarılı Kullanıcı Girişi)                  </em>
                </div> <!-- method-content -->
              </div> <!-- method -->
              <div class="method">
                <div class="method-content">
                  <a name="loginSucces">
                  </a> <!-- loginSucces -->
                  <span class="method-name">loginSucces</span>
                  <div class="stack-trace">org.openqa.selenium.TimeoutException: Expected condition failed: waiting for UI.helpers.BrowserUtils$1@3793896e (tried for 10 second(s) with 1000 milliseconds interval)
	at org.openqa.selenium.support.ui.FluentWait.timeoutException(FluentWait.java:303)
	at org.openqa.selenium.support.ui.FluentWait.until(FluentWait.java:271)
	at UI.helpers.BrowserUtils.fluentWait(BrowserUtils.java:23)
	at UI.testCases.LoginPageTest.loginSucces(LoginPageTest.java:36)
Caused by: org.openqa.selenium.NoSuchElementException: no such element: Unable to locate element: {&quot;method&quot;:&quot;xpath&quot;,&quot;selector&quot;:&quot;//*[contains(text(),&apos;Hesabım&apos;)]&quot;}
  (Session info: MicrosoftEdge=96.0.1054.62)
For documentation on this error, please visit: http://seleniumhq.org/exceptions/no_such_element.html
Build info: version: &apos;3.8.1&apos;, revision: &apos;6e95a6684b&apos;, time: &apos;2017-12-01T18:33:54.468Z&apos;
System info: host: &apos;MAC-IT-13.local&apos;, ip: &apos;fe80:0:0:0:181c:e107:fe30:ce61%en0&apos;, os.name: &apos;Mac OS X&apos;, os.arch: &apos;x86_64&apos;, os.version: &apos;10.15.7&apos;, java.version: &apos;14.0.2&apos;
Driver info: org.openqa.selenium.remote.RemoteWebDriver
Capabilities {acceptInsecureCerts: false, browserName: msedge, browserVersion: 96.0.1054.62, javascriptEnabled: true, ms:edgeOptions: {debuggerAddress: localhost:33605}, msedge: {msedgedriverVersion: 96.0.1054.62 (f97cb2ce0103f..., userDataDir: /tmp/.com.microsoft.Edge.F7...}, networkConnectionEnabled: false, pageLoadStrategy: normal, platform: LINUX, platformName: LINUX, proxy: Proxy(), se:cdp: ws://172.21.0.3:4444/sessio..., se:cdpVersion: 96.0.1054.62, se:vnc: ws://172.21.0.3:4444/sessio..., se:vncEnabled: true, se:vncLocalAddress: ws://172.21.0.3:7900, setWindowRect: true, strictFileInteractability: false, timeouts: {implicit: 0, pageLoad: 300000, script: 30000}, unhandledPromptBehavior: dismiss and notify, webauthn:extension:credBlob: true, webauthn:extension:largeBlob: true, webauthn:virtualAuthenticators: true}
Session ID: df9d00f4b6590ef5a36214cc5111baca
*** Element info: {Using=xpath, value=//*[contains(text(),&apos;Hesabım&apos;)]}
	at org.openqa.selenium.remote.http.W3CHttpResponseCodec.createException(W3CHttpResponseCodec.java:187)
	at org.openqa.selenium.remote.http.W3CHttpResponseCodec.decode(W3CHttpResponseCodec.java:122)
	at org.openqa.selenium.remote.http.W3CHttpResponseCodec.decode(W3CHttpResponseCodec.java:49)
	at org.openqa.selenium.remote.HttpCommandExecutor.execute(HttpCommandExecutor.java:158)
	at org.openqa.selenium.remote.RemoteWebDriver.execute(RemoteWebDriver.java:545)
	at org.openqa.selenium.remote.RemoteWebDriver.findElement(RemoteWebDriver.java:319)
	at org.openqa.selenium.remote.RemoteWebDriver.findElementByXPath(RemoteWebDriver.java:421)
	at org.openqa.selenium.By$ByXPath.findElement(By.java:361)
	at org.openqa.selenium.remote.RemoteWebDriver.findElement(RemoteWebDriver.java:311)
	at UI.helpers.BrowserUtils$1.apply(BrowserUtils.java:25)
	at UI.helpers.BrowserUtils$1.apply(BrowserUtils.java:23)
	at org.openqa.selenium.support.ui.FluentWait.until(FluentWait.java:248)
	... 30 more
... Removed 33 stack frames
</div> <!-- stack-trace -->
                  <em>
(Başarılı Kullanıcı Girişi)                  </em>
                </div> <!-- method-content -->
              </div> <!-- method -->
              <div class="method">
                <div class="method-content">
                  <a name="wrongEmail">
                  </a> <!-- wrongEmail -->
                  <span class="method-name">wrongEmail</span>
                  <div class="stack-trace">java.lang.AssertionError: Hata : Beklenen Veri Hatalı 
Expected: is &quot;HATALI CASE&quot;
     got: &quot;E-posta adresiniz ve/veya şifreniz hatalı.&quot;

	at org.hamcrest.MatcherAssert.assertThat(MatcherAssert.java:21)
	at UI.helpers.BrowserUtils.assertControl(BrowserUtils.java:74)
	at UI.testCases.LoginPageTest.wrongEmail(LoginPageTest.java:44)
... Removed 28 stack frames
</div> <!-- stack-trace -->
                  <em>
(Hatalı Email ile Giriş)                  </em>
                </div> <!-- method-content -->
              </div> <!-- method -->
              <div class="method">
                <div class="method-content">
                  <a name="wrongEmail">
                  </a> <!-- wrongEmail -->
                  <span class="method-name">wrongEmail</span>
                  <div class="stack-trace">java.lang.AssertionError: Hata : Beklenen Veri Hatalı 
Expected: is &quot;HATALI CASE&quot;
     got: &quot;E-posta adresiniz ve/veya şifreniz hatalı.&quot;

	at org.hamcrest.MatcherAssert.assertThat(MatcherAssert.java:21)
	at UI.helpers.BrowserUtils.assertControl(BrowserUtils.java:74)
	at UI.testCases.LoginPageTest.wrongEmail(LoginPageTest.java:44)
... Removed 28 stack frames
</div> <!-- stack-trace -->
                  <em>
(Hatalı Email ile Giriş)                  </em>
                </div> <!-- method-content -->
              </div> <!-- method -->
              <div class="method">
                <div class="method-content">
                  <a name="wrongEmail">
                  </a> <!-- wrongEmail -->
                  <span class="method-name">wrongEmail</span>
                  <div class="stack-trace">java.lang.AssertionError: Hata : Beklenen Veri Hatalı 
Expected: is &quot;HATALI CASE&quot;
     got: &quot;E-posta adresiniz ve/veya şifreniz hatalı.&quot;

	at org.hamcrest.MatcherAssert.assertThat(MatcherAssert.java:21)
	at UI.helpers.BrowserUtils.assertControl(BrowserUtils.java:74)
	at UI.testCases.LoginPageTest.wrongEmail(LoginPageTest.java:44)
... Removed 28 stack frames
</div> <!-- stack-trace -->
                  <em>
(Hatalı Email ile Giriş)                  </em>
                </div> <!-- method-content -->
              </div> <!-- method -->
            </div> <!-- main-panel-content rounded-window-bottom -->
          </div> <!-- suite-Odev-class-failed -->
          <div class="suite-Odev-class-passed">
            <div class="main-panel-header rounded-window-top">
              <img src="passed.png"/>
              <span class="class-name">UI.testCases.HomePageTest</span>
            </div> <!-- main-panel-header rounded-window-top -->
            <div class="main-panel-content rounded-window-bottom">
              <div class="method">
                <div class="method-content">
                  <a name="butikLinkAddCSV">
                  </a> <!-- butikLinkAddCSV -->
                  <span class="method-name">butikLinkAddCSV</span>
                  <em>
(Butik Link Search)                  </em>
                </div> <!-- method-content -->
              </div> <!-- method -->
              <div class="method">
                <div class="method-content">
                  <a name="butikLinkAddCSV">
                  </a> <!-- butikLinkAddCSV -->
                  <span class="method-name">butikLinkAddCSV</span>
                  <em>
(Butik Link Search)                  </em>
                </div> <!-- method-content -->
              </div> <!-- method -->
            </div> <!-- main-panel-content rounded-window-bottom -->
          </div> <!-- suite-Odev-class-passed -->
          <div class="suite-Odev-class-passed">
            <div class="main-panel-header rounded-window-top">
              <img src="passed.png"/>
              <span class="class-name">UI.testCases.LoginPageTest</span>
            </div> <!-- main-panel-header rounded-window-top -->
            <div class="main-panel-content rounded-window-bottom">
              <div class="method">
                <div class="method-content">
                  <a name="blankEmail">
                  </a> <!-- blankEmail -->
                  <span class="method-name">blankEmail</span>
                  <em>
(Boş Email ile Giriş)                  </em>
                </div> <!-- method-content -->
              </div> <!-- method -->
              <div class="method">
                <div class="method-content">
                  <a name="blankEmail">
                  </a> <!-- blankEmail -->
                  <span class="method-name">blankEmail</span>
                  <em>
(Boş Email ile Giriş)                  </em>
                </div> <!-- method-content -->
              </div> <!-- method -->
              <div class="method">
                <div class="method-content">
                  <a name="blankEmail">
                  </a> <!-- blankEmail -->
                  <span class="method-name">blankEmail</span>
                  <em>
(Boş Email ile Giriş)                  </em>
                </div> <!-- method-content -->
              </div> <!-- method -->
              <div class="method">
                <div class="method-content">
                  <a name="blankEmailandPassword">
                  </a> <!-- blankEmailandPassword -->
                  <span class="method-name">blankEmailandPassword</span>
                  <em>
(Boş Email ve Password ile Giriş)                  </em>
                </div> <!-- method-content -->
              </div> <!-- method -->
              <div class="method">
                <div class="method-content">
                  <a name="blankEmailandPassword">
                  </a> <!-- blankEmailandPassword -->
                  <span class="method-name">blankEmailandPassword</span>
                  <em>
(Boş Email ve Password ile Giriş)                  </em>
                </div> <!-- method-content -->
              </div> <!-- method -->
              <div class="method">
                <div class="method-content">
                  <a name="blankEmailandPassword">
                  </a> <!-- blankEmailandPassword -->
                  <span class="method-name">blankEmailandPassword</span>
                  <em>
(Boş Email ve Password ile Giriş)                  </em>
                </div> <!-- method-content -->
              </div> <!-- method -->
              <div class="method">
                <div class="method-content">
                  <a name="blankPassword">
                  </a> <!-- blankPassword -->
                  <span class="method-name">blankPassword</span>
                  <em>
(Boş Password ile Giriş)                  </em>
                </div> <!-- method-content -->
              </div> <!-- method -->
              <div class="method">
                <div class="method-content">
                  <a name="blankPassword">
                  </a> <!-- blankPassword -->
                  <span class="method-name">blankPassword</span>
                  <em>
(Boş Password ile Giriş)                  </em>
                </div> <!-- method-content -->
              </div> <!-- method -->
              <div class="method">
                <div class="method-content">
                  <a name="blankPassword">
                  </a> <!-- blankPassword -->
                  <span class="method-name">blankPassword</span>
                  <em>
(Boş Password ile Giriş)                  </em>
                </div> <!-- method-content -->
              </div> <!-- method -->
              <div class="method">
                <div class="method-content">
                  <a name="wrongPassword">
                  </a> <!-- wrongPassword -->
                  <span class="method-name">wrongPassword</span>
                  <em>
(Hatalı Şifre ile Giriş)                  </em>
                </div> <!-- method-content -->
              </div> <!-- method -->
              <div class="method">
                <div class="method-content">
                  <a name="wrongPassword">
                  </a> <!-- wrongPassword -->
                  <span class="method-name">wrongPassword</span>
                  <em>
(Hatalı Şifre ile Giriş)                  </em>
                </div> <!-- method-content -->
              </div> <!-- method -->
              <div class="method">
                <div class="method-content">
                  <a name="wrongPassword">
                  </a> <!-- wrongPassword -->
                  <span class="method-name">wrongPassword</span>
                  <em>
(Hatalı Şifre ile Giriş)                  </em>
                </div> <!-- method-content -->
              </div> <!-- method -->
            </div> <!-- main-panel-content rounded-window-bottom -->
          </div> <!-- suite-Odev-class-passed -->
        </div> <!-- panel Odev -->
        <div panel-name="test-xml-Odev" class="panel">
          <div class="main-panel-header rounded-window-top">
            <span class="header-content">/Users/ahmet.ercikan/IdeaProjects/testCalismaa/src/main/resources/TestNG.xml</span>
          </div> <!-- main-panel-header rounded-window-top -->
          <div class="main-panel-content rounded-window-bottom">
            <pre>
&lt;?xml version=&quot;1.0&quot; encoding=&quot;UTF-8&quot;?&gt;
&lt;!DOCTYPE suite SYSTEM &quot;http://testng.org/testng-1.0.dtd&quot;&gt;
&lt;suite name=&quot;Odev&quot; guice-stage=&quot;DEVELOPMENT&quot; verbose=&quot;0&quot;&gt;
  &lt;test name=&quot;Chrome Test&quot;&gt;
    &lt;parameter name=&quot;browserVersion&quot; value=&quot;79.0&quot;/&gt;
    &lt;parameter name=&quot;browserName&quot; value=&quot;chrome&quot;/&gt;
    &lt;parameter name=&quot;platformName&quot; value=&quot;Windows 10&quot;/&gt;
    &lt;classes&gt;
      &lt;class name=&quot;UI.testCases.LoginPageTest&quot;/&gt;
      &lt;class name=&quot;UI.testCases.HomePageTest&quot;/&gt;
    &lt;/classes&gt;
  &lt;/test&gt; &lt;!-- Chrome Test --&gt;
  &lt;test name=&quot;Firefox Test&quot;&gt;
    &lt;parameter name=&quot;browserVersion&quot; value=&quot;62.0&quot;/&gt;
    &lt;parameter name=&quot;browserName&quot; value=&quot;firefox&quot;/&gt;
    &lt;parameter name=&quot;platformName&quot; value=&quot;Windows 10&quot;/&gt;
    &lt;classes&gt;
      &lt;class name=&quot;UI.testCases.LoginPageTest&quot;/&gt;
      &lt;class name=&quot;UI.testCases.HomePageTest&quot;/&gt;
    &lt;/classes&gt;
  &lt;/test&gt; &lt;!-- Firefox Test --&gt;
  &lt;test name=&quot;IE Test&quot;&gt;
    &lt;parameter name=&quot;browserVersion&quot; value=&quot;11.0&quot;/&gt;
    &lt;parameter name=&quot;browserName&quot; value=&quot;ie&quot;/&gt;
    &lt;parameter name=&quot;platformName&quot; value=&quot;Windows 10&quot;/&gt;
    &lt;classes&gt;
      &lt;class name=&quot;UI.testCases.LoginPageTest&quot;/&gt;
      &lt;class name=&quot;UI.testCases.HomePageTest&quot;/&gt;
    &lt;/classes&gt;
  &lt;/test&gt; &lt;!-- IE Test --&gt;
&lt;/suite&gt; &lt;!-- Odev --&gt;
            </pre>
          </div> <!-- main-panel-content rounded-window-bottom -->
        </div> <!-- panel -->
        <div panel-name="testlist-Odev" class="panel">
          <div class="main-panel-header rounded-window-top">
            <span class="header-content">Tests for Odev</span>
          </div> <!-- main-panel-header rounded-window-top -->
          <div class="main-panel-content rounded-window-bottom">
            <ul>
              <li>
                <span class="test-name">Chrome Test (2 classes)</span>
              </li>
              <li>
                <span class="test-name">Firefox Test (2 classes)</span>
              </li>
              <li>
                <span class="test-name">IE Test (2 classes)</span>
              </li>
            </ul>
          </div> <!-- main-panel-content rounded-window-bottom -->
        </div> <!-- panel -->
        <div panel-name="group-Odev" class="panel">
          <div class="main-panel-header rounded-window-top">
            <span class="header-content">Groups for Odev</span>
          </div> <!-- main-panel-header rounded-window-top -->
          <div class="main-panel-content rounded-window-bottom">
            <div class="test-group">
              <span class="test-group-name">MyGroup</span>
              <br/>
              <div class="method-in-group">
                <span class="method-in-group-name">loginSucces</span>
                <br/>
              </div> <!-- method-in-group -->
              <div class="method-in-group">
                <span class="method-in-group-name">wrongEmail</span>
                <br/>
              </div> <!-- method-in-group -->
            </div> <!-- test-group -->
          </div> <!-- main-panel-content rounded-window-bottom -->
        </div> <!-- panel -->
        <div panel-name="times-Odev" class="panel">
          <div class="main-panel-header rounded-window-top">
            <span class="header-content">Times for Odev</span>
          </div> <!-- main-panel-header rounded-window-top -->
          <div class="main-panel-content rounded-window-bottom">
            <div class="times-div">
              <script type="text/javascript">
suiteTableInitFunctions.push('tableData_Odev');
function tableData_Odev() {
var data = new google.visualization.DataTable();
data.addColumn('number', 'Number');
data.addColumn('string', 'Method');
data.addColumn('string', 'Class');
data.addColumn('number', 'Time (ms)');
data.addRows(21);
data.setCell(0, 0, 0)
data.setCell(0, 1, 'butikLinkAddCSV')
data.setCell(0, 2, 'UI.testCases.HomePageTest')
data.setCell(0, 3, 126632);
data.setCell(1, 0, 1)
data.setCell(1, 1, 'butikLinkAddCSV')
data.setCell(1, 2, 'UI.testCases.HomePageTest')
data.setCell(1, 3, 122972);
data.setCell(2, 0, 2)
data.setCell(2, 1, 'loginSucces')
data.setCell(2, 2, 'UI.testCases.LoginPageTest')
data.setCell(2, 3, 26587);
data.setCell(3, 0, 3)
data.setCell(3, 1, 'loginSucces')
data.setCell(3, 2, 'UI.testCases.LoginPageTest')
data.setCell(3, 3, 15919);
data.setCell(4, 0, 4)
data.setCell(4, 1, 'loginSucces')
data.setCell(4, 2, 'UI.testCases.LoginPageTest')
data.setCell(4, 3, 15483);
data.setCell(5, 0, 5)
data.setCell(5, 1, 'blankPassword')
data.setCell(5, 2, 'UI.testCases.LoginPageTest')
data.setCell(5, 3, 12012);
data.setCell(6, 0, 6)
data.setCell(6, 1, 'wrongEmail')
data.setCell(6, 2, 'UI.testCases.LoginPageTest')
data.setCell(6, 3, 11559);
data.setCell(7, 0, 7)
data.setCell(7, 1, 'butikLinkAddCSV')
data.setCell(7, 2, 'UI.testCases.HomePageTest')
data.setCell(7, 3, 11449);
data.setCell(8, 0, 8)
data.setCell(8, 1, 'wrongPassword')
data.setCell(8, 2, 'UI.testCases.LoginPageTest')
data.setCell(8, 3, 10901);
data.setCell(9, 0, 9)
data.setCell(9, 1, 'wrongEmail')
data.setCell(9, 2, 'UI.testCases.LoginPageTest')
data.setCell(9, 3, 10835);
data.setCell(10, 0, 10)
data.setCell(10, 1, 'blankPassword')
data.setCell(10, 2, 'UI.testCases.LoginPageTest')
data.setCell(10, 3, 10768);
data.setCell(11, 0, 11)
data.setCell(11, 1, 'wrongPassword')
data.setCell(11, 2, 'UI.testCases.LoginPageTest')
data.setCell(11, 3, 10388);
data.setCell(12, 0, 12)
data.setCell(12, 1, 'blankEmail')
data.setCell(12, 2, 'UI.testCases.LoginPageTest')
data.setCell(12, 3, 10368);
data.setCell(13, 0, 13)
data.setCell(13, 1, 'blankEmail')
data.setCell(13, 2, 'UI.testCases.LoginPageTest')
data.setCell(13, 3, 10099);
data.setCell(14, 0, 14)
data.setCell(14, 1, 'wrongEmail')
data.setCell(14, 2, 'UI.testCases.LoginPageTest')
data.setCell(14, 3, 9293);
data.setCell(15, 0, 15)
data.setCell(15, 1, 'blankEmailandPassword')
data.setCell(15, 2, 'UI.testCases.LoginPageTest')
data.setCell(15, 3, 9148);
data.setCell(16, 0, 16)
data.setCell(16, 1, 'blankEmailandPassword')
data.setCell(16, 2, 'UI.testCases.LoginPageTest')
data.setCell(16, 3, 8855);
data.setCell(17, 0, 17)
data.setCell(17, 1, 'blankEmail')
data.setCell(17, 2, 'UI.testCases.LoginPageTest')
data.setCell(17, 3, 7676);
data.setCell(18, 0, 18)
data.setCell(18, 1, 'blankPassword')
data.setCell(18, 2, 'UI.testCases.LoginPageTest')
data.setCell(18, 3, 7435);
data.setCell(19, 0, 19)
data.setCell(19, 1, 'wrongPassword')
data.setCell(19, 2, 'UI.testCases.LoginPageTest')
data.setCell(19, 3, 7124);
data.setCell(20, 0, 20)
data.setCell(20, 1, 'blankEmailandPassword')
data.setCell(20, 2, 'UI.testCases.LoginPageTest')
data.setCell(20, 3, 6172);
window.suiteTableData['Odev']= { tableData: data, tableDiv: 'times-div-Odev'}
return data;
}
              </script>
              <span class="suite-total-time">Total running time: 7 minutes</span>
              <div id="times-div-Odev">
              </div> <!-- times-div-Odev -->
            </div> <!-- times-div -->
          </div> <!-- main-panel-content rounded-window-bottom -->
        </div> <!-- panel -->
        <div panel-name="reporter-Odev" class="panel">
          <div class="main-panel-header rounded-window-top">
            <span class="header-content">Reporter output for Odev</span>
          </div> <!-- main-panel-header rounded-window-top -->
          <div class="main-panel-content rounded-window-bottom">
          </div> <!-- main-panel-content rounded-window-bottom -->
        </div> <!-- panel -->
        <div panel-name="ignored-methods-Odev" class="panel">
          <div class="main-panel-header rounded-window-top">
            <span class="header-content">3 ignored methods</span>
          </div> <!-- main-panel-header rounded-window-top -->
          <div class="main-panel-content rounded-window-bottom">
            <div class="ignored-class-div">
              <span class="ignored-class-name">UI.testCases.HomePageTest</span>
              <div class="ignored-methods-div">
                <span class="ignored-method-name">startReport</span>
                <br/>
                <span class="ignored-method-name">startReport</span>
                <br/>
                <span class="ignored-method-name">startReport</span>
                <br/>
              </div> <!-- ignored-methods-div -->
            </div> <!-- ignored-class-div -->
          </div> <!-- main-panel-content rounded-window-bottom -->
        </div> <!-- panel -->
        <div panel-name="chronological-Odev" class="panel">
          <div class="main-panel-header rounded-window-top">
            <span class="header-content">Methods in chronological order</span>
          </div> <!-- main-panel-header rounded-window-top -->
          <div class="main-panel-content rounded-window-bottom">
            <div class="chronological-class">
              <div class="chronological-class-name">UI.testCases.LoginPageTest</div> <!-- chronological-class-name -->
              <div class="configuration-test before">
                <span class="method-name">startReport</span>
                <span class="method-start">0 ms</span>
              </div> <!-- configuration-test before -->
              <div class="test-method">
                <img src="failed.png">
                </img>
                <span class="method-name">loginSucces</span>
                <span class="method-start">365 ms</span>
              </div> <!-- test-method -->
              <div class="configuration-method after">
                <span class="method-name">getResult([TestResult name=loginSucces status=FAILURE method=LoginPageTest.loginSucces()[pri:2, instance:UI.te...)</span>
                <span class="method-start">26966 ms</span>
              </div> <!-- configuration-method after -->
              <div class="test-method">
                <img src="failed.png">
                </img>
                <span class="method-name">wrongEmail</span>
                <span class="method-start">28285 ms</span>
              </div> <!-- test-method -->
              <div class="configuration-method after">
                <span class="method-name">getResult([TestResult name=wrongEmail status=FAILURE method=LoginPageTest.wrongEmail()[pri:3, instance:UI.test...)</span>
                <span class="method-start">37578 ms</span>
              </div> <!-- configuration-method after -->
              <div class="test-method">
                <span class="method-name">wrongPassword</span>
                <span class="method-start">37966 ms</span>
              </div> <!-- test-method -->
              <div class="configuration-method after">
                <span class="method-name">getResult([TestResult name=wrongPassword status=SUCCESS method=LoginPageTest.wrongPassword()[pri:4, instance:U...)</span>
                <span class="method-start">48355 ms</span>
              </div> <!-- configuration-method after -->
              <div class="test-method">
                <span class="method-name">blankEmail</span>
                <span class="method-start">48595 ms</span>
              </div> <!-- test-method -->
              <div class="configuration-method after">
                <span class="method-name">getResult([TestResult name=blankEmail status=SUCCESS method=LoginPageTest.blankEmail()[pri:5, instance:UI.test...)</span>
                <span class="method-start">58964 ms</span>
              </div> <!-- configuration-method after -->
              <div class="test-method">
                <span class="method-name">blankPassword</span>
                <span class="method-start">59792 ms</span>
              </div> <!-- test-method -->
              <div class="configuration-method after">
                <span class="method-name">getResult([TestResult name=blankPassword status=SUCCESS method=LoginPageTest.blankPassword()[pri:6, instance:U...)</span>
                <span class="method-start">67227 ms</span>
              </div> <!-- configuration-method after -->
              <div class="test-method">
                <span class="method-name">blankEmailandPassword</span>
                <span class="method-start">67477 ms</span>
              </div> <!-- test-method -->
              <div class="configuration-method after">
                <span class="method-name">getResult([TestResult name=blankEmailandPassword status=SUCCESS method=LoginPageTest.blankEmailandPassword()[p...)</span>
                <span class="method-start">76625 ms</span>
              </div> <!-- configuration-method after -->
            </div> <!-- chronological-class -->
            <div class="chronological-class">
              <div class="chronological-class-name">UI.testCases.HomePageTest</div> <!-- chronological-class-name -->
              <div class="test-method">
                <img src="failed.png">
                </img>
                <span class="method-name">butikLinkAddCSV</span>
                <span class="method-start">76816 ms</span>
              </div> <!-- test-method -->
              <div class="configuration-method after">
                <span class="method-name">getResult([TestResult name=butikLinkAddCSV status=FAILURE method=HomePageTest.butikLinkAddCSV()[pri:0, instanc...)</span>
                <span class="method-start">88267 ms</span>
              </div> <!-- configuration-method after -->
            </div> <!-- chronological-class -->
            <div class="chronological-class">
              <div class="chronological-class-name">UI.testCases.LoginPageTest</div> <!-- chronological-class-name -->
              <div class="configuration-test before">
                <span class="method-name">startReport</span>
                <span class="method-start">90103 ms</span>
              </div> <!-- configuration-test before -->
              <div class="test-method">
                <img src="failed.png">
                </img>
                <span class="method-name">loginSucces</span>
                <span class="method-start">90109 ms</span>
              </div> <!-- test-method -->
              <div class="configuration-method after">
                <span class="method-name">getResult([TestResult name=loginSucces status=FAILURE method=LoginPageTest.loginSucces()[pri:2, instance:UI.te...)</span>
                <span class="method-start">105593 ms</span>
              </div> <!-- configuration-method after -->
              <div class="test-method">
                <img src="failed.png">
                </img>
                <span class="method-name">wrongEmail</span>
                <span class="method-start">105914 ms</span>
              </div> <!-- test-method -->
              <div class="configuration-method after">
                <span class="method-name">getResult([TestResult name=wrongEmail status=FAILURE method=LoginPageTest.wrongEmail()[pri:3, instance:UI.test...)</span>
                <span class="method-start">116749 ms</span>
              </div> <!-- configuration-method after -->
              <div class="test-method">
                <span class="method-name">wrongPassword</span>
                <span class="method-start">117165 ms</span>
              </div> <!-- test-method -->
              <div class="configuration-method after">
                <span class="method-name">getResult([TestResult name=wrongPassword status=SUCCESS method=LoginPageTest.wrongPassword()[pri:4, instance:U...)</span>
                <span class="method-start">128067 ms</span>
              </div> <!-- configuration-method after -->
              <div class="test-method">
                <span class="method-name">blankEmail</span>
                <span class="method-start">129079 ms</span>
              </div> <!-- test-method -->
              <div class="configuration-method after">
                <span class="method-name">getResult([TestResult name=blankEmail status=SUCCESS method=LoginPageTest.blankEmail()[pri:5, instance:UI.test...)</span>
                <span class="method-start">136755 ms</span>
              </div> <!-- configuration-method after -->
              <div class="test-method">
                <span class="method-name">blankPassword</span>
                <span class="method-start">136924 ms</span>
              </div> <!-- test-method -->
              <div class="configuration-method after">
                <span class="method-name">getResult([TestResult name=blankPassword status=SUCCESS method=LoginPageTest.blankPassword()[pri:6, instance:U...)</span>
                <span class="method-start">147693 ms</span>
              </div> <!-- configuration-method after -->
              <div class="test-method">
                <span class="method-name">blankEmailandPassword</span>
                <span class="method-start">147890 ms</span>
              </div> <!-- test-method -->
              <div class="configuration-method after">
                <span class="method-name">getResult([TestResult name=blankEmailandPassword status=SUCCESS method=LoginPageTest.blankEmailandPassword()[p...)</span>
                <span class="method-start">156746 ms</span>
              </div> <!-- configuration-method after -->
            </div> <!-- chronological-class -->
            <div class="chronological-class">
              <div class="chronological-class-name">UI.testCases.HomePageTest</div> <!-- chronological-class-name -->
              <div class="test-method">
                <span class="method-name">butikLinkAddCSV</span>
                <span class="method-start">157691 ms</span>
              </div> <!-- test-method -->
              <div class="configuration-method after">
                <span class="method-name">getResult([TestResult name=butikLinkAddCSV status=SUCCESS method=HomePageTest.butikLinkAddCSV()[pri:0, instanc...)</span>
                <span class="method-start">284324 ms</span>
              </div> <!-- configuration-method after -->
            </div> <!-- chronological-class -->
            <div class="chronological-class">
              <div class="chronological-class-name">UI.testCases.LoginPageTest</div> <!-- chronological-class-name -->
              <div class="configuration-test before">
                <span class="method-name">startReport</span>
                <span class="method-start">284682 ms</span>
              </div> <!-- configuration-test before -->
              <div class="test-method">
                <img src="failed.png">
                </img>
                <span class="method-name">loginSucces</span>
                <span class="method-start">284687 ms</span>
              </div> <!-- test-method -->
              <div class="configuration-method after">
                <span class="method-name">getResult([TestResult name=loginSucces status=FAILURE method=LoginPageTest.loginSucces()[pri:2, instance:UI.te...)</span>
                <span class="method-start">300607 ms</span>
              </div> <!-- configuration-method after -->
              <div class="test-method">
                <img src="failed.png">
                </img>
                <span class="method-name">wrongEmail</span>
                <span class="method-start">300931 ms</span>
              </div> <!-- test-method -->
              <div class="configuration-method after">
                <span class="method-name">getResult([TestResult name=wrongEmail status=FAILURE method=LoginPageTest.wrongEmail()[pri:3, instance:UI.test...)</span>
                <span class="method-start">312490 ms</span>
              </div> <!-- configuration-method after -->
              <div class="test-method">
                <span class="method-name">wrongPassword</span>
                <span class="method-start">313436 ms</span>
              </div> <!-- test-method -->
              <div class="configuration-method after">
                <span class="method-name">getResult([TestResult name=wrongPassword status=SUCCESS method=LoginPageTest.wrongPassword()[pri:4, instance:U...)</span>
                <span class="method-start">320560 ms</span>
              </div> <!-- configuration-method after -->
              <div class="test-method">
                <span class="method-name">blankEmail</span>
                <span class="method-start">320705 ms</span>
              </div> <!-- test-method -->
              <div class="configuration-method after">
                <span class="method-name">getResult([TestResult name=blankEmail status=SUCCESS method=LoginPageTest.blankEmail()[pri:5, instance:UI.test...)</span>
                <span class="method-start">330805 ms</span>
              </div> <!-- configuration-method after -->
              <div class="test-method">
                <span class="method-name">blankPassword</span>
                <span class="method-start">330979 ms</span>
              </div> <!-- test-method -->
              <div class="configuration-method after">
                <span class="method-name">getResult([TestResult name=blankPassword status=SUCCESS method=LoginPageTest.blankPassword()[pri:6, instance:U...)</span>
                <span class="method-start">342991 ms</span>
              </div> <!-- configuration-method after -->
              <div class="test-method">
                <span class="method-name">blankEmailandPassword</span>
                <span class="method-start">343760 ms</span>
              </div> <!-- test-method -->
              <div class="configuration-method after">
                <span class="method-name">getResult([TestResult name=blankEmailandPassword status=SUCCESS method=LoginPageTest.blankEmailandPassword()[p...)</span>
                <span class="method-start">349932 ms</span>
              </div> <!-- configuration-method after -->
            </div> <!-- chronological-class -->
            <div class="chronological-class">
              <div class="chronological-class-name">UI.testCases.HomePageTest</div> <!-- chronological-class-name -->
              <div class="test-method">
                <span class="method-name">butikLinkAddCSV</span>
                <span class="method-start">350081 ms</span>
              </div> <!-- test-method -->
              <div class="configuration-method after">
                <span class="method-name">getResult([TestResult name=butikLinkAddCSV status=SUCCESS method=HomePageTest.butikLinkAddCSV()[pri:0, instanc...)</span>
                <span class="method-start">473053 ms</span>
              </div> <!-- configuration-method after -->
          </div> <!-- main-panel-content rounded-window-bottom -->
        </div> <!-- panel -->
      </div> <!-- main-panel-root -->
    </div> <!-- wrapper -->
  </body>
</html>
