<?xml version="1.0" encoding="UTF-8"?>
<!-- Generated by org.testng.reporters.JUnitXMLReporter -->
<testsuite hostname="MAC-IT-13.local" failures="3" tests="7" name="FirefoxTest" time="330.121" errors="0" timestamp="20 Dec 2021 10:18:25 GMT">
  <testcase classname="UI.testCases.TestClass" name="blankEmail" time="3.458"/>
  <testcase classname="UI.testCases.TestClass" name="blankEmailandPassword" time="3.57"/>
  <testcase classname="UI.testCases.TestClass" name="blankPassword" time="4.1">
    <failure type="java.lang.AssertionError" message="Hata : Beklenen Veri Hatalı 
Expected: is &amp;quot;Lütfen şifrenizi giriniz.&amp;quot;
     got: &amp;quot;Lütfen geçerli bir e-posta adresi giriniz.&amp;quot;
">
      <![CDATA[java.lang.AssertionError: Hata : Beklenen Veri Hatalı 
Expected: is "Lütfen şifrenizi giriniz."
     got: "Lütfen geçerli bir e-posta adresi giriniz."

	at org.hamcrest.MatcherAssert.assertThat(MatcherAssert.java:21)
	at UI.helpers.BrowserUtils.assertControl(BrowserUtils.java:74)
	at UI.testCases.TestClass.blankPassword(TestClass.java:59)
... Removed 28 stack frames]]>
    </failure>
  </testcase> <!-- blankPassword -->
  <testcase classname="UI.testCases.TestClass" name="butikLinkAddCSV" time="95.609"/>
  <testcase classname="UI.testCases.TestClass" name="loginSucces" time="13.849">
    <failure type="org.openqa.selenium.TimeoutException" message="Expected condition failed: waiting for UI.helpers.BrowserUtils$1@4403cf9a (tried for 10 second(s) with 1000 milliseconds interval)">
      <![CDATA[org.openqa.selenium.TimeoutException: Expected condition failed: waiting for UI.helpers.BrowserUtils$1@4403cf9a (tried for 10 second(s) with 1000 milliseconds interval)
	at org.openqa.selenium.support.ui.FluentWait.timeoutException(FluentWait.java:303)
	at org.openqa.selenium.support.ui.FluentWait.until(FluentWait.java:271)
	at UI.helpers.BrowserUtils.fluentWait(BrowserUtils.java:23)
	at UI.testCases.TestClass.loginSucces(TestClass.java:36)
Caused by: org.openqa.selenium.NoSuchElementException: no such element: Unable to locate element: {"method":"xpath","selector":"//*[contains(text(),'Hesabım')]"}
  (Session info: chrome=96.0.4664.110)
For documentation on this error, please visit: http://seleniumhq.org/exceptions/no_such_element.html
Build info: version: '3.8.1', revision: '6e95a6684b', time: '2017-12-01T18:33:54.468Z'
System info: host: 'MAC-IT-13.local', ip: 'fe80:0:0:0:181c:e107:fe30:ce61%en0', os.name: 'Mac OS X', os.arch: 'x86_64', os.version: '10.15.7', java.version: '14.0.2'
Driver info: org.openqa.selenium.chrome.ChromeDriver
Capabilities {acceptInsecureCerts: false, browserName: chrome, browserVersion: 96.0.4664.110, chrome: {chromedriverVersion: 96.0.4664.45 (76e4c1bb2ab46..., userDataDir: /var/folders/p5/h99g2kwx3bb...}, goog:chromeOptions: {debuggerAddress: localhost:60111}, javascriptEnabled: true, networkConnectionEnabled: false, pageLoadStrategy: normal, platform: MAC, platformName: MAC, proxy: Proxy(), setWindowRect: true, strictFileInteractability: false, timeouts: {implicit: 0, pageLoad: 300000, script: 30000}, unhandledPromptBehavior: dismiss and notify, webauthn:extension:credBlob: true, webauthn:extension:largeBlob: true, webauthn:virtualAuthenticators: true}
Session ID: cfb2c22d27a4b3e523dfaf6b1f87243a
*** Element info: {Using=xpath, value=//*[contains(text(),'Hesabım')]}
	at org.openqa.selenium.remote.http.W3CHttpResponseCodec.createException(W3CHttpResponseCodec.java:187)
	at org.openqa.selenium.remote.http.W3CHttpResponseCodec.decode(W3CHttpResponseCodec.java:122)
	at org.openqa.selenium.remote.http.W3CHttpResponseCodec.decode(W3CHttpResponseCodec.java:49)
	at org.openqa.selenium.remote.HttpCommandExecutor.execute(HttpCommandExecutor.java:158)
	at org.openqa.selenium.remote.service.DriverCommandExecutor.execute(DriverCommandExecutor.java:83)
	at org.openqa.selenium.remote.RemoteWebDriver.execute(RemoteWebDriver.java:545)
	at org.openqa.selenium.remote.RemoteWebDriver.findElement(RemoteWebDriver.java:319)
	at org.openqa.selenium.remote.RemoteWebDriver.findElementByXPath(RemoteWebDriver.java:421)
	at org.openqa.selenium.By$ByXPath.findElement(By.java:361)
	at org.openqa.selenium.remote.RemoteWebDriver.findElement(RemoteWebDriver.java:311)
	at UI.helpers.BrowserUtils$1.apply(BrowserUtils.java:25)
	at UI.helpers.BrowserUtils$1.apply(BrowserUtils.java:23)
	at org.openqa.selenium.support.ui.FluentWait.until(FluentWait.java:248)
	... 30 more
... Removed 32 stack frames]]>
    </failure>
  </testcase> <!-- loginSucces -->
  <testcase classname="UI.testCases.TestClass" name="wrongEmail" time="103.723">
    <failure type="java.lang.AssertionError" message="Hata : Beklenen Veri Hatalı 
Expected: is &amp;quot;HATALI CASE&amp;quot;
     got: &amp;quot;E-posta adresiniz ve/veya şifreniz hatalı.&amp;quot;
">
      <![CDATA[java.lang.AssertionError: Hata : Beklenen Veri Hatalı 
Expected: is "HATALI CASE"
     got: "E-posta adresiniz ve/veya şifreniz hatalı."

	at org.hamcrest.MatcherAssert.assertThat(MatcherAssert.java:21)
	at UI.helpers.BrowserUtils.assertControl(BrowserUtils.java:74)
	at UI.testCases.TestClass.wrongEmail(TestClass.java:44)
... Removed 28 stack frames]]>
    </failure>
  </testcase> <!-- wrongEmail -->
  <testcase classname="UI.testCases.TestClass" name="wrongPassword" time="103.657"/>
</testsuite> <!-- FirefoxTest -->
