<?xml version="1.0" encoding="UTF-8"?>
<!-- Generated by org.testng.reporters.JUnitXMLReporter -->
<testsuite hostname="MAC-IT-13.local" failures="2" tests="7" name="Firefox Test" time="247.141" errors="0" timestamp="17 Jan 2022 09:10:11 GMT">
  <testcase classname="UI.testCases.LoginPageTest" name="loginSucces" time="17.193">
    <failure type="org.openqa.selenium.TimeoutException" message="Expected condition failed: waiting for UI.helpers.BrowserUtils$1@53153d5e (tried for 10 second(s) with 1000 milliseconds interval)">
      <![CDATA[org.openqa.selenium.TimeoutException: Expected condition failed: waiting for UI.helpers.BrowserUtils$1@53153d5e (tried for 10 second(s) with 1000 milliseconds interval)
	at org.openqa.selenium.support.ui.FluentWait.timeoutException(FluentWait.java:303)
	at org.openqa.selenium.support.ui.FluentWait.until(FluentWait.java:271)
	at UI.helpers.BrowserUtils.fluentWait(BrowserUtils.java:23)
	at UI.testCases.LoginPageTest.loginSucces(LoginPageTest.java:36)
Caused by: org.openqa.selenium.NoSuchElementException: no such element: Unable to locate element: {"method":"xpath","selector":"//*[contains(text(),'Hesabım')]"}
  (Session info: chrome=96.0.4664.110)
For documentation on this error, please visit: http://seleniumhq.org/exceptions/no_such_element.html
Build info: version: '3.8.1', revision: '6e95a6684b', time: '2017-12-01T18:33:54.468Z'
System info: host: 'MAC-IT-13.local', ip: 'fe80:0:0:0:b:f98a:86f4:b3d9%en0', os.name: 'Mac OS X', os.arch: 'x86_64', os.version: '10.15.7', java.version: '14.0.2'
Driver info: org.openqa.selenium.remote.RemoteWebDriver
Capabilities {acceptInsecureCerts: false, browserName: chrome, browserVersion: 96.0.4664.110, chrome: {chromedriverVersion: 96.0.4664.45 (76e4c1bb2ab46..., userDataDir: /tmp/.com.google.Chrome.zoT2PT}, goog:chromeOptions: {debuggerAddress: localhost:45963}, javascriptEnabled: true, networkConnectionEnabled: false, pageLoadStrategy: normal, platform: LINUX, platformName: LINUX, proxy: Proxy(), se:cdp: ws://172.24.0.4:4444/sessio..., se:cdpVersion: 96.0.4664.110, se:vnc: ws://172.24.0.4:4444/sessio..., se:vncEnabled: true, se:vncLocalAddress: ws://172.24.0.4:7900, setWindowRect: true, strictFileInteractability: false, timeouts: {implicit: 0, pageLoad: 300000, script: 30000}, unhandledPromptBehavior: dismiss and notify, webauthn:extension:credBlob: true, webauthn:extension:largeBlob: true, webauthn:virtualAuthenticators: true}
Session ID: e0072e67a12be2a8c0d29139ade15c88
*** Element info: {Using=xpath, value=//*[contains(text(),'Hesabım')]}
	at org.openqa.selenium.remote.http.W3CHttpResponseCodec.createException(W3CHttpResponseCodec.java:187)
	at org.openqa.selenium.remote.http.W3CHttpResponseCodec.decode(W3CHttpResponseCodec.java:122)
	at org.openqa.selenium.remote.http.W3CHttpResponseCodec.decode(W3CHttpResponseCodec.java:49)
	at org.openqa.selenium.remote.HttpCommandExecutor.execute(HttpCommandExecutor.java:158)
	at org.openqa.selenium.remote.RemoteWebDriver.execute(RemoteWebDriver.java:545)
	at org.openqa.selenium.remote.RemoteWebDriver.findElement(RemoteWebDriver.java:319)
	at org.openqa.selenium.remote.RemoteWebDriver.findElementByXPath(RemoteWebDriver.java:421)
	at org.openqa.selenium.By$ByXPath.findElement(By.java:361)
	at org.openqa.selenium.remote.RemoteWebDriver.findElement(RemoteWebDriver.java:311)
	at UI.helpers.BrowserUtils$1.apply(BrowserUtils.java:25)
	at UI.helpers.BrowserUtils$1.apply(BrowserUtils.java:23)
	at org.openqa.selenium.support.ui.FluentWait.until(FluentWait.java:248)
	... 30 more
... Removed 33 stack frames]]>
    </failure>
  </testcase> <!-- loginSucces -->
  <testcase classname="UI.testCases.LoginPageTest" name="wrongEmail" time="12.518">
    <failure type="java.lang.AssertionError" message="Hata : Beklenen Veri Hatalı 
Expected: is &amp;quot;HATALI CASE&amp;quot;
     got: &amp;quot;E-posta adresiniz ve/veya şifreniz hatalı.&amp;quot;
">
      <![CDATA[java.lang.AssertionError: Hata : Beklenen Veri Hatalı 
Expected: is "HATALI CASE"
     got: "E-posta adresiniz ve/veya şifreniz hatalı."

	at org.hamcrest.MatcherAssert.assertThat(MatcherAssert.java:21)
	at UI.helpers.BrowserUtils.assertControl(BrowserUtils.java:74)
	at UI.testCases.LoginPageTest.wrongEmail(LoginPageTest.java:44)
... Removed 28 stack frames]]>
    </failure>
  </testcase> <!-- wrongEmail -->
  <testcase classname="UI.testCases.LoginPageTest" name="wrongPassword" time="6.215"/>
  <testcase classname="UI.testCases.LoginPageTest" name="blankEmail" time="98.747"/>
  <testcase classname="UI.testCases.LoginPageTest" name="blankPassword" time="7.167"/>
  <testcase classname="UI.testCases.LoginPageTest" name="blankEmailandPassword" time="8.046"/>
  <testcase classname="UI.testCases.HomePageTest" name="butikLinkAddCSV" time="94.17"/>
</testsuite> <!-- Firefox Test -->
